{
  "RSpec": {
    "coverage": {
      "/Users/matthewmyers/Documents/loopdo/service.rb": [
        null,
        1,
        1,
        1,
        15,
        15,
        15,
        null,
        null,
        null,
        1,
        0,
        null,
        null,
        1,
        0,
        null,
        null
      ],
      "/Users/matthewmyers/Documents/loopdo/serviceProvider.rb": [
        1,
        1,
        1,
        10,
        10,
        10,
        10,
        10,
        null,
        null,
        null,
        1,
        2,
        2,
        1,
        null,
        null,
        null,
        null,
        null,
        1,
        0,
        0,
        0,
        null,
        null,
        null,
        1,
        0,
        0,
        0,
        0,
        null,
        0,
        null,
        null,
        1,
        0,
        0,
        0,
        0,
        0,
        null,
        0,
        null,
        null,
        1,
        10,
        13,
        9,
        null,
        null,
        1,
        null,
        null,
        null,
        1,
        13,
        null,
        null,
        null,
        1,
        null,
        8,
        null,
        null,
        8,
        null,
        null,
        null,
        null,
        null,
        null,
        null,
        null,
        null,
        null,
        null,
        null,
        null,
        8,
        null,
        null,
        8,
        8,
        8,
        null,
        null,
        4,
        0,
        0,
        0,
        null,
        null,
        null,
        null,
        null,
        4,
        2,
        null,
        null,
        null,
        8,
        8,
        null,
        null,
        0,
        0,
        0,
        0,
        null,
        null,
        null,
        null,
        0,
        0,
        0,
        null,
        null,
        null,
        null,
        null,
        8,
        null,
        null,
        null,
        null,
        1,
        null,
        6,
        5,
        5,
        5,
        5,
        null,
        1,
        1,
        1,
        null,
        null,
        null,
        1,
        null,
        1,
        null,
        null,
        null,
        null
      ],
      "/Users/matthewmyers/Documents/loopdo/appointment.rb": [
        1,
        1,
        1,
        5,
        5,
        5,
        5,
        null,
        null,
        null,
        1,
        0,
        null,
        null,
        1,
        0,
        0,
        0,
        null,
        0,
        null,
        null,
        null
      ],
      "/Users/matthewmyers/Documents/loopdo/timeblock.rb": [
        1,
        1,
        1,
        7,
        7,
        7,
        7,
        7,
        7,
        7,
        null,
        null,
        null,
        1,
        null,
        0,
        0,
        0,
        null,
        null,
        1,
        null,
        null,
        0,
        0,
        0,
        0,
        null,
        0,
        0,
        0,
        null,
        null,
        1,
        null,
        null,
        4,
        null,
        4,
        null,
        4,
        null,
        null,
        1,
        null,
        null,
        0,
        0,
        0,
        0,
        null,
        0,
        null,
        null,
        0,
        null,
        null,
        0,
        null,
        null,
        1,
        0,
        null,
        null,
        1,
        0,
        null,
        null,
        1,
        0,
        null,
        null
      ],
      "/Users/matthewmyers/Documents/loopdo/print.rb": [
        null,
        1,
        5,
        5,
        null,
        null,
        1,
        0,
        0,
        0,
        0,
        null,
        null,
        1,
        0,
        0,
        0,
        0,
        null,
        0,
        0,
        null,
        null,
        1,
        0,
        0,
        0,
        0,
        null,
        0,
        0,
        null
      ],
      "/Users/matthewmyers/Documents/loopdo/init.rb": [
        null,
        null,
        1,
        0,
        null,
        0,
        null,
        null,
        null,
        null,
        0,
        null,
        null,
        null,
        0,
        0,
        null,
        0,
        0,
        0,
        0,
        0,
        null,
        0,
        0,
        0,
        0,
        null
      ],
      "/Users/matthewmyers/Documents/loopdo/colors.rb": [
        1,
        1,
        1,
        1,
        1,
        1,
        1,
        null,
        1,
        1,
        1,
        1,
        1,
        1,
        1,
        1,
        null,
        1,
        1,
        1,
        1,
        1,
        1,
        1,
        1
      ],
      "/Users/matthewmyers/Documents/loopdo/availability.rb": [
        null,
        1,
        1,
        1,
        0,
        0,
        0,
        null,
        null,
        null,
        1,
        0,
        null,
        null,
        null
      ]
    },
    "timestamp": 1559918599
  }
}
